Start time: 2026-03-26 16:14:20 

> # Q3
> # Do certain disease classes show greater association between
> # entanglements and disease-causing mutations?
> 
> cat('date:',format(Sys.time(), "%Y-%m-%d_%H-%M-%S"))
date: 2026-03-26_16-14-20
> cat("control file input: Controlm1_3\n")
control file input: Controlm1_3

> cat("types: af\n")
types: af

> cat("plddt_thresh:", plddt_thresh, "\n")
plddt_thresh: 70 

> # Data Checks
> # Libraries
> library(dplyr)

> library(stringr)

> library(ggplot2)

> library(svglite)

> # Mutation data
> source("DataExtractionCode/m3_data.R")
date: 2026-03-26_16-14-20control file input: Controlm1_3
types: af
plddt_thresh: 70 
[1mindexing[0m [34mcombined_mapped_clean_missense.csv[0m [=================================-----------------------------------------------------------------------------------------------------------------------------------------------------------] [32m1.06TB/s[0m, eta: [36m 0s[0m[1mindexing[0m [34mcombined_mapped_clean_missense.csv[0m [============================================================================================================================================================================================] [32m4.24GB/s[0m, eta: [36m 0s[0m                                                                                                                                                                                                                                                                                                [1mindexing[0m [34mfinal_df_af_0_2026-2-6.csv[0m [===================================================================================================================================================================================================] [32m45.53GB/s[0m, eta: [36m 0s[0m                                                                                                                                                                                                                                                                                                
> # Get list of disease classes (excluding uniprotids and Entanglement columns)
> disease_classes <- setdiff(names(UniScoDis50), c("uniprotids", "Entanglement"))

> # Initialize list to store model results
> results <- list()

> for (class in disease_classes) {
+   cat("\n--- Analyzing Disease Class:", class, "---\n")
+ 
+   # Subset UniScoDis50 to only proteins associated with this disease class
+   disease_subset_ids <- UniScoDis50 %>%
+     filter(.data[[class]] == "Yes") %>%
+     pull(uniprotids)
+ 
+   # Subset final_df to those proteins
+   df_subset <- final_df %>%
+     filter(uniprotids %in% disease_subset_ids)
+ 
+   # Count number of unique proteins in this subset
+   protein_count <- n_distinct(df_subset$uniprotids)
+ 
+   # Summarize mutation and pathogenicity info
+   protein_summary <- df_subset %>%
+     group_by(uniprotids) %>%
+     summarise(
+       Entanglement = first(Entanglement),
+       Length = first(Length),
+       Essential = first(Essential),
+       Total_Mutations_n = sum(Mutation == "Yes"),
+       Path_Mutations_m = sum(Pathogenic == "Yes", na.rm = TRUE),
+       .groups = "drop"
+     ) %>%
+     mutate(p_hat_m_div_n = if_else(Total_Mutations_n > 0,
+                                    Path_Mutations_m / Total_Mutations_n,
+                                    NA_real_))
+ 
+   # Save the final dataframe used in the regression for this disease class
+   dir.create("Data/DataRanInAnalysis", recursive = TRUE, showWarnings = FALSE)
+ 
+   write.csv(
+     protein_summary,
+     file = paste0(
+       "Data/DataRanInAnalysis/",
+       "mutation_q3_type_af_pthr_", plddt_thresh,
+       "_", make.names(class),
+       "_protein_summary_used_in_glm",
+       format(Sys.time(), "_%Y-%m-%d_%H-%M-%S"),
+       ".csv"
+     ),
+     row.names = FALSE
+   )
+ 
+   # Make sure Entanglement and Essential are a factor
+   protein_summary$Entanglement <- factor(protein_summary$Entanglement, levels = c("No", "Yes"))
+   protein_summary$Essential <- factor(protein_summary$Essential, levels = c("No", "NT", "Yes"))
+ 
+   # Skip if only one level of Entanglement of Essential
+   if (nlevels(droplevels(protein_summary$Entanglement)) < 2) {
+     cat("Skipped: Only one level of Entanglement\n")
+     next
+   }
+ 
+   if (nlevels(droplevels(protein_summary$Essential)) < 2) {
+     cat("Skipped:", class, "- only one level of Essential\n")
+     next
+   }
+ 
+   # prepare warning flags
+   warn_len  <- FALSE
+ 
+   # length + essential model, catch warnings
+   glm_model_len <- withCallingHandlers(
+     glm(
+       cbind(Path_Mutations_m, Total_Mutations_n - Path_Mutations_m) ~
+         Entanglement + scale(Length) + Essential,
+       data = protein_summary,
+       family = binomial
+     ),
+     warning = function(w) {
+       warn_len <<- TRUE
+       # print each warning as it happens:
+       cat(conditionMessage(w),
+           "in length + essential model for class", class, "\n")
+       invokeRestart("muffleWarning")
+     }
+   )
+ 
+   # Extract coefficient info
+   coef_len  <- coef(summary(glm_model_len))["EntanglementYes", ]
+ 
+   # Store results
+   results[[class]] <- list(
+     class = class,
+     protein_count = protein_count,
+     p_value_len = coef_len["Pr(>|z|)"],
+     model_with_length = summary(glm_model_len),
+     odds_ratios_len = exp(coef(glm_model_len)),
+     conf_int_len = exp(confint(glm_model_len)),
+     warn_len         = warn_len
+   )
+ 
+ }

--- Analyzing Disease Class: Infections (C01) ---

--- Analyzing Disease Class: Neoplasms (C04) ---

--- Analyzing Disease Class: Musculoskeletal Diseases (C05) ---

--- Analyzing Disease Class: Digestive System Diseases (C06) ---

--- Analyzing Disease Class: Stomatognathic Diseases (C07) ---

--- Analyzing Disease Class: Respiratory Tract Diseases (C08) ---

--- Analyzing Disease Class: Otorhinolaryngologic Diseases (C09) ---

--- Analyzing Disease Class: Nervous System Diseases (C10) ---

--- Analyzing Disease Class: Eye Diseases (C11) ---

--- Analyzing Disease Class: Urogenital Diseases (C12) ---

--- Analyzing Disease Class: Cardiovascular Diseases (C14) ---

--- Analyzing Disease Class: Hemic and Lymphatic Diseases (C15) ---

--- Analyzing Disease Class: Congenital, Hereditary, and Neonatal Diseases and Abnormalities (C16) ---

--- Analyzing Disease Class: Skin and Connective Tissue Diseases (C17) ---

--- Analyzing Disease Class: Nutritional and Metabolic Diseases (C18) ---

--- Analyzing Disease Class: Endocrine System Diseases (C19) ---

--- Analyzing Disease Class: Immune System Diseases (C20) ---

--- Analyzing Disease Class: Disorders of Environmental Origin (C21) ---
Skipped: Only one level of Entanglement

--- Analyzing Disease Class: Pathological Conditions, Signs and Symptoms (C23) ---

--- Analyzing Disease Class: Chemically-Induced Disorders (C25) ---

--- Analyzing Disease Class: Behavior and Behavior Mechanisms (F01) ---

--- Analyzing Disease Class: Psychological Phenomena (F02) ---

--- Analyzing Disease Class: Mental Disorders (F03) ---

> # Create summary of odds ratios including the length+SASA model
> summary_table <- do.call(rbind, lapply(results, function(res) {
+   # helper to safely extract a named value (or NA)
+   safe_extract <- function(x, name) if (!is.null(x) && name %in% names(x)) x[name] else NA
+ 
+   data.frame(
+     Disease_Class                   = res$class,
+     Protein_Count                   = res$protein_count,
+ 
+     ## Length + Essentiality model
+     OR_Entangled           = round(safe_extract(res$odds_ratios_len,     "EntanglementYes"), 3),
+     CI_Lower               = round(safe_extract(res$conf_int_len[,1],    "EntanglementYes"), 3),
+     CI_Upper               = round(safe_extract(res$conf_int_len[,2],    "EntanglementYes"), 3),
+     OR_Length              = round(safe_extract(res$odds_ratios_len,     "scale(Length)"),   3),
+     OR_ESS                 = round(safe_extract(res$odds_ratios_len,     "EssentialYes"),3),
+     P_Value                = if (!is.na(res$p_value_len)) signif(res$p_value_len, 3) else NA,
+     Coef_Estimate_Entangled = round(safe_extract(res$model_with_length$coefficients[, "Estimate"], "EntanglementYes"), 4),
+     Std_Error_Entangled     = round(safe_extract(res$model_with_length$coefficients[, "Std. Error"], "EntanglementYes"), 4)
+   )
+ }))

> print(summary_table)
                                                                                                                              Disease_Class Protein_Count OR_Entangled CI_Lower CI_Upper OR_Length OR_ESS  P_Value Coef_Estimate_Entangled
Infections (C01)                                                                                                           Infections (C01)           127        1.204    1.035    1.401     0.562  2.114 1.63e-02                  0.1858
Neoplasms (C04)                                                                                                             Neoplasms (C04)           775        1.247    1.163    1.336     0.613  1.089 5.04e-10                  0.2204
Musculoskeletal Diseases (C05)                                                                               Musculoskeletal Diseases (C05)           620        1.344    1.244    1.452     0.604  0.732 7.88e-14                  0.2957
Digestive System Diseases (C06)                                                                             Digestive System Diseases (C06)           562        2.022    1.859    2.201     0.636  0.818 5.12e-60                  0.7042
Stomatognathic Diseases (C07)                                                                                 Stomatognathic Diseases (C07)           170        1.312    1.153    1.494     0.846  0.633 3.78e-05                  0.2719
Respiratory Tract Diseases (C08)                                                                           Respiratory Tract Diseases (C08)           340        1.773    1.600    1.964     0.576  1.462 5.89e-28                  0.5725
Otorhinolaryngologic Diseases (C09)                                                                     Otorhinolaryngologic Diseases (C09)           185        0.766    0.672    0.873     0.522  1.138 6.68e-05                 -0.2660
Nervous System Diseases (C10)                                                                                 Nervous System Diseases (C10)          1164        1.292    1.215    1.374     0.630  0.785 3.50e-16                  0.2561
Eye Diseases (C11)                                                                                                       Eye Diseases (C11)           420        1.501    1.368    1.647     0.796  1.046 8.08e-18                  0.4063
Urogenital Diseases (C12)                                                                                         Urogenital Diseases (C12)           637        1.447    1.339    1.563     0.451  0.808 9.13e-21                  0.3692
Cardiovascular Diseases (C14)                                                                                 Cardiovascular Diseases (C14)           490        1.688    1.554    1.834     0.552  1.048 2.56e-35                  0.5238
Hemic and Lymphatic Diseases (C15)                                                                       Hemic and Lymphatic Diseases (C15)           352        2.106    1.880    2.358     0.510  0.856 5.55e-38                  0.7446
Congenital, Hereditary, and Neonatal Diseases and Abnormalities (C16) Congenital, Hereditary, and Neonatal Diseases and Abnormalities (C16)          1448        1.551    1.469    1.637     0.613  0.767 3.42e-57                  0.4389
Skin and Connective Tissue Diseases (C17)                                                         Skin and Connective Tissue Diseases (C17)           616        1.441    1.338    1.553     0.639  0.833 7.38e-22                  0.3654
Nutritional and Metabolic Diseases (C18)                                                           Nutritional and Metabolic Diseases (C18)           762        1.587    1.465    1.719     0.593  0.635 1.46e-29                  0.4619
Endocrine System Diseases (C19)                                                                             Endocrine System Diseases (C19)           399        1.380    1.256    1.516     0.493  1.000 1.79e-11                  0.3223
Immune System Diseases (C20)                                                                                   Immune System Diseases (C20)           309        1.016    0.905    1.139     0.522  0.978 7.92e-01                  0.0154
Pathological Conditions, Signs and Symptoms (C23)                                         Pathological Conditions, Signs and Symptoms (C23)          1082        1.172    1.102    1.247     0.641  0.751 4.20e-07                  0.1590
Chemically-Induced Disorders (C25)                                                                       Chemically-Induced Disorders (C25)           113        1.351    1.120    1.629     0.648  0.904 1.62e-03                  0.3011
Behavior and Behavior Mechanisms (F01)                                                               Behavior and Behavior Mechanisms (F01)           402        1.292    1.159    1.439     0.510  1.087 3.38e-06                  0.2563
Psychological Phenomena (F02)                                                                                 Psychological Phenomena (F02)            15        8.623    6.035   12.495     0.548  5.548 3.43e-31                  2.1545
Mental Disorders (F03)                                                                                               Mental Disorders (F03)           711        1.318    1.210    1.434     0.566  0.997 2.18e-10                  0.2758
                                                                      Std_Error_Entangled
Infections (C01)                                                                   0.0774
Neoplasms (C04)                                                                    0.0354
Musculoskeletal Diseases (C05)                                                     0.0396
Digestive System Diseases (C06)                                                    0.0431
Stomatognathic Diseases (C07)                                                      0.0660
Respiratory Tract Diseases (C08)                                                   0.0522
Otorhinolaryngologic Diseases (C09)                                                0.0667
Nervous System Diseases (C10)                                                      0.0314
Eye Diseases (C11)                                                                 0.0472
Urogenital Diseases (C12)                                                          0.0395
Cardiovascular Diseases (C14)                                                      0.0422
Hemic and Lymphatic Diseases (C15)                                                 0.0578
Congenital, Hereditary, and Neonatal Diseases and Abnormalities (C16)              0.0275
Skin and Connective Tissue Diseases (C17)                                          0.0380
Nutritional and Metabolic Diseases (C18)                                           0.0409
Endocrine System Diseases (C19)                                                    0.0480
Immune System Diseases (C20)                                                       0.0585
Pathological Conditions, Signs and Symptoms (C23)                                  0.0314
Chemically-Induced Disorders (C25)                                                 0.0955
Behavior and Behavior Mechanisms (F01)                                             0.0552
Psychological Phenomena (F02)                                                      0.1855
Mental Disorders (F03)                                                             0.0434

> # Create summary
> len_df <- summary_table %>%
+   select(Disease_Class, Protein_Count, Coef_Estimate_Entangled, Std_Error_Entangled,
+          OR_Entangled, CI_Lower, CI_Upper, P_Value) %>%
+   rename(
+     OR      = OR_Entangled
+   )

> # At least 20 proteins per class needed
> len_df <- len_df[len_df$Protein_Count >= 20, ]

> # Create a BH-adjusted p-value across ALL rows (all types & disease classes)
> len_df$P_Value_BH_all <- NA_real_

> non_na_idx <- which(!is.na(len_df$P_Value))

> len_df$P_Value_BH_all[non_na_idx] <- p.adjust(
+   len_df$P_Value[non_na_idx],
+   method = "BH"
+ )

> rownames(len_df) <- NULL

> final_results_filtered <- len_df %>%
+   select(
+     Disease_Class,
+     Coef_Estimate_Entangled,
+     OR,
+     CI_Lower,
+     CI_Upper,
+     P_Value_BH_all,
+     Protein_Count
+   ) %>%
+   mutate(
+     Significant = P_Value_BH_all <= 0.05
+   )

> # File naming
> fileName <- paste("mutation_q3_type_af_pthr_",plddt_thresh,sep="")

> final_output_file <- paste0(
+   "Results/Dataframes/", fileName,
+   "_results_len_", format(Sys.time(), "%Y-%m-%d_%H-%M-%S"), ".csv"
+ )

> # Save
> write.csv(final_results_filtered, final_output_file, row.names = FALSE)

> # Shorten name for plot
> final_results_filtered$Disease_Class[
+   final_results_filtered$Disease_Class ==
+     "Congenital, Hereditary, and Neonatal Diseases and Abnormalities (C16)"
+ ] <- "Congenital and Hereditary Disorders (C16)"

> # Plot of ORs by disease class
> x_min <- 0.6

> x_max <- 2.4

> p <- ggplot(
+   final_results_filtered,
+   aes(
+     y = reorder(Disease_Class, OR),
+     x = OR,
+     shape = Significant,
+     color = Significant
+   )
+ ) +
+   geom_vline(xintercept = 1, linetype = "dashed", linewidth = 1.2) +
+   geom_point(size = 4.2, stroke = 1.2) +
+   geom_errorbarh(
+     aes(xmin = CI_Lower, xmax = CI_Upper),
+     height = 0.22,
+     linewidth = 1.2
+   ) +
+   scale_shape_manual(values = c("TRUE" = 1, "FALSE" = 16)) +
+   scale_color_manual(values = c("TRUE" = "black", "FALSE" = "red")) +
+   scale_x_continuous(
+     limits = c(x_min, x_max),
+     breaks = seq(x_min, x_max, by = 0.2),
+     expand = c(0, 0)
+   ) +
+   scale_y_discrete(
+     labels = function(x) stringr::str_wrap(x, width = 28),
+     expand = expansion(add = 0.35)
+   ) +
+   labs(
+     y = "Disease Class",
+     x = "Odds Ratio"
+   ) +
+   theme_bw() +
+   theme(
+     text = element_text(family = "Arial"),
+     panel.grid = element_blank(),
+     panel.border = element_blank(),
+     axis.line = element_line(color = "black", linewidth = 1),
+ 
+     axis.text.x  = element_text(size = 14, color = "black"),
+     axis.text.y  = element_text(size = 14, color = "black", lineheight = 1),
+     axis.title.x = element_text(size = 22, color = "black"),
+     axis.title.y = element_text(size = 22, color = "black"),
+ 
+     axis.ticks = element_line(color = "black", linewidth = 1),
+     axis.ticks.length = unit(8, "pt"),
+ 
+     legend.position = "none",
+ 
+     plot.margin = ggplot2::margin(t = 12, r = 20, b = 12, l = 35, unit = "pt")
+   )

> ggsave(
+   filename = paste0(
+     "Results/Plots/mut_q3_af_noncov_50th",
+     format(Sys.time(), "_%Y-%m-%d_%H-%M-%S"),
+     "_plot.svg"
+   ),
+   plot   = p,
+   device = svglite::svglite,
+   width  = 11,
+   height = 10,
+   units  = "in"
+ )

> ggsave(
+   filename = paste0(
+     "Results/Plots/mut_q3_af_noncov_50th",
+     format(Sys.time(), "_%Y-%m-%d_%H-%M-%S"),
+     "_plot.svg"
+   ),
+   plot   = p + theme(text = element_text(family = "sans")),
+   device = pdf,
+   width  = 11,
+   height = 10,
+   units  = "in"
+ )
End time: 2026-03-26 16:14:43 
