Start time: 2026-03-26 16:05:10 

> # Q1
> # Are natively entangled regions of proteins positively associated
> # with disease causing missense mutations?
> 
> ## parsing af_control_mutation.R ##
> cat('date:',format(Sys.time(), "%Y-%m-%d_%H-%M-%S"))
date: 2026-03-26_16-05-10
> cat("type: af \n")
type: af 

> cat("plddt_thresh:", plddt_thresh, "\n")
plddt_thresh: 70 

> # Libraries
> library(dplyr)

> # Mutation data
> source("DataExtractionCode/m1_data.R")
date: 2026-03-26_16-05-10type: af
plddt_thresh: 70 
[1mindexing[0m [34mcombined_mapped_clean_missense.csv[0m [====--------------------------------------------------------------------------------------------------------------------------------------------------------------------------------------] [32m109.85GB/s[0m, eta: [36m 0s[0m[1mindexing[0m [34mcombined_mapped_clean_missense.csv[0m [============================================================================================================================================================================================] [32m1.78GB/s[0m, eta: [36m 0s[0m                                                                                                                                                                                                                                                                                                [1mindexing[0m [34mfinal_df_af_02_22_2026.csv[0m [===================================================================================================================================================================================================] [32m57.38GB/s[0m, eta: [36m 0s[0m                                                                                                                                                                                                                                                                                                # A tibble: 10 × 15
   uniprotids score Entanglement `95th_percentile` `75th_percentile` `50th_percentile` Length Essential User_input           Consequences Amino_acid_change Amino_acid_position Mutation Pathogenic numeric_EntRegion
   <chr>      <dbl> <chr>        <chr>             <chr>             <chr>              <dbl> <chr>     <chr>                <chr>        <chr>                           <dbl> <chr>    <chr>      <list>           
 1 P03923       1   No           Yes               Yes               Yes                  174 NT        "MT\t14571\tT\tA"    missense     Ser/Gly                            35 Yes      No         <NULL>           
 2 P03923       1   No           Yes               Yes               Yes                  174 NT        "MT\t14571\tT\tA"    missense     Ser/Arg                            35 Yes      No         <NULL>           
 3 P21108       0   Yes          No                No                No                   318 No        "7\t18027638\tG\tC"  missense     Arg/Ser                            49 Yes      No         <dbl [56]>       
 4 P21108       0   Yes          No                No                No                   318 No        "7\t18027638\tG\tC"  missense     Arg/Cys                            49 Yes      No         <dbl [56]>       
 5 Q5VU92       0   Yes          No                No                No                   463 No        "X\t126550465\tA\tT" missense     Asp/Ser                           146 Yes      No         <dbl [58]>       
 6 Q5VU92       0   Yes          No                No                No                   463 No        "X\t126550465\tA\tT" missense     Asp/Leu                           146 Yes      No         <dbl [58]>       
 7 Q8NEJ0       0   Yes          No                No                No                   188 No        "22\t30652172\tG\tC" missense     Val/Leu                            17 Yes      No         <dbl [56]>       
 8 Q8NEJ0       0   Yes          No                No                No                   188 No        "22\t30652172\tG\tC" missense     Val/Met                            17 Yes      No         <dbl [56]>       
 9 Q9H1D0       0.7 Yes          No                Yes               Yes                  765 No        "7\t142875891\tA\tT" missense     Leu/Arg                           299 Yes      No         <dbl [52]>       
10 Q9H1D0       0.7 Yes          No                Yes               Yes                  765 No        "7\t142875891\tA\tT" missense     Leu/Pro                           299 Yes      No         <dbl [52]>       

> ############################################################################
> # Contingency table + chi-square
> # Compare Mis_Pathogenic vs in_region at residue level
> ############################################################################
> contingency_table <- table(res_merged_dt$in_region, res_merged_dt$Mis_Pathogenic)

> rownames(contingency_table) <- c("Not in Entangled Region", "In Entangled Region")

> colnames(contingency_table) <- c("Missense Benign", "Missense Pathogenic")

> print(contingency_table)
                         
                          Missense Benign Missense Pathogenic
  Not in Entangled Region         1321310               15017
  In Entangled Region              509028               10485

> print(table(res_merged_dt$in_region, res_merged_dt$Mis_Pathogenic, res_merged_dt$Essential))
, ,  = NT

     
           No     Yes
  No     5548      17
  Yes    1428       8

, ,  = No

     
           No     Yes
  No  1202181   13939
  Yes  466521    9750

, ,  = Yes

     
           No     Yes
  No   113581    1061
  Yes   41079     727


> chi_sq_result <- chisq.test(contingency_table)

> print(chi_sq_result)

	Pearson's Chi-squared test with Yates' continuity correction

data:  contingency_table
X-squared = 2207.8, df = 1, p-value < 2.2e-16


> # Manual odds ratio from 2x2 table:
> # (InRegion & Pathogenic * NotInRegion & Benign) / (InRegion & Benign * NotInRegion & Pathogenic)
> odds_ratio <- (as.numeric(contingency_table["In Entangled Region", "Missense Pathogenic"]) *
+                  as.numeric(contingency_table["Not in Entangled Region", "Missense Benign"])) /
+   (as.numeric(contingency_table["In Entangled Region", "Missense Benign"]) *
+      as.numeric(contingency_table["Not in Entangled Region", "Missense Pathogenic"]))

> print(odds_ratio)
[1] 1.812376

> ############################################################################
> # Logistic regression: Mis_Pathogenic ~ in_region + Length + Essential
> ############################################################################
> res_merged_dt$Mis_Pathogenic <- factor(res_merged_dt$Mis_Pathogenic, levels = c("No", "Yes"))

> res_merged_dt$Essential <- factor(res_merged_dt$Essential, levels = c("No", "NT", "Yes"))

> logit_model_len_res <- glm(
+   Mis_Pathogenic ~ in_region + scale(Length) + Essential,
+   data = res_merged_dt,
+   family = binomial
+ )

> summary(logit_model_len_res)

Call:
glm(formula = Mis_Pathogenic ~ in_region + scale(Length) + Essential, 
    family = binomial, data = res_merged_dt)

Deviance Residuals: 
    Min       1Q   Median       3Q      Max  
-0.3556  -0.1980  -0.1510  -0.1116   3.6950  

Coefficients:
               Estimate Std. Error  z value Pr(>|z|)    
(Intercept)   -4.676485   0.009639 -485.184  < 2e-16 ***
in_regionYes   0.494074   0.012903   38.292  < 2e-16 ***
scale(Length) -0.773485   0.008704  -88.870  < 2e-16 ***
EssentialNT   -1.663305   0.200660   -8.289  < 2e-16 ***
EssentialYes  -0.140027   0.024752   -5.657 1.54e-08 ***
---
Signif. codes:  0 ‘***’ 0.001 ‘**’ 0.01 ‘*’ 0.05 ‘.’ 0.1 ‘ ’ 1

(Dispersion parameter for binomial family taken to be 1)

    Null deviance: 269323  on 1855839  degrees of freedom
Residual deviance: 257152  on 1855835  degrees of freedom
AIC: 257162

Number of Fisher Scoring iterations: 8


> coef_tab_len_res <- coef(summary(logit_model_len_res))

> coef_tab_len_res
                Estimate  Std. Error     z value     Pr(>|z|)
(Intercept)   -4.6764849 0.009638571 -485.184454 0.000000e+00
in_regionYes   0.4940738 0.012902731   38.292191 0.000000e+00
scale(Length) -0.7734849 0.008703547  -88.870084 0.000000e+00
EssentialNT   -1.6633053 0.200659742   -8.289183 1.140292e-16
EssentialYes  -0.1400268 0.024751519   -5.657300 1.537725e-08

> odds_ratios <- exp(coef(logit_model_len_res))

> glm_len_res_summary <- summary(logit_model_len_res)

> coef_table_len_res <- as.data.frame(coef(glm_len_res_summary))

> coef_table_len_res$Variable <- rownames(coef_table_len_res)

> coef_table_len_res$Odds_Ratios <- exp(coef_table_len_res$Estimate)

> # 95% CI for estimates ORs
> z_crit <- qnorm(0.975)  # 1.96 for 95% CI`

> coef_table_len_res$CI_Lower_Est <- coef_table_len_res$Estimate - z_crit * coef_table_len_res$`Std. Error`

> coef_table_len_res$CI_Upper_Est <- coef_table_len_res$Estimate + z_crit * coef_table_len_res$`Std. Error`

> coef_table_len_res$CI_Lower_OR <- exp(coef_table_len_res$CI_Lower_Est)

> coef_table_len_res$CI_Upper_OR <- exp(coef_table_len_res$CI_Upper_Est)

> rownames(coef_table_len_res) <- NULL

> coef_table_len_res <- coef_table_len_res[, c("Variable", "Estimate", "Odds_Ratios",
+                                              "CI_Lower_OR", "CI_Upper_OR",
+                                              "Std. Error", "z value", "Pr(>|z|)")]

> # Build per-type output file name (not written because write.csv is commented out)
> fileName <- paste("mutation_q1_type_af_pthr_", plddt_thresh, sep = "")

> final_output_file <- paste0(
+   "results/dataframes/", fileName,
+   "_results_len_res_", format(Sys.time(), "%Y-%m-%d_%H-%M-%S"), ".csv"
+ )

> # Save
> combined_file <- paste0(
+   "Results/Dataframes/mutation_q1_alltypes_pthr_",
+   plddt_thresh, "_results_len_res_",
+   format(Sys.time(), "%Y-%m-%d_%H-%M-%S"), ".csv"
+ )

> write.csv(coef_table_len_res, combined_file, row.names = FALSE)
End time: 2026-03-26 16:14:12 
